# JRE version: Java(TM) SE Runtime Environment (8.0_291-b10) (build 1.8.0_291-b10)
# Java VM: Java HotSpot(TM) 64-Bit Server VM (25.291-b10 mixed mode bsd-amd64 compressed oops)
Heap:
 PSYoungGen      total 519680K, used 205270K [0x000000076ab00000, 0x000000079dc80000, 0x00000007c0000000)
  eden space 474112K, 33% used [0x000000076ab00000,0x00000007746f7d60,0x0000000787a00000)
  from space 45568K, 99% used [0x0000000787a00000,0x000000078a67db18,0x000000078a680000)
  to   space 61440K, 0% used [0x000000079a080000,0x000000079a080000,0x000000079dc80000)
 ParOldGen       total 120832K, used 79199K [0x00000006c0000000, 0x00000006c7600000, 0x000000076ab00000)
  object space 120832K, 65% used [0x00000006c0000000,0x00000006c4d57cd8,0x00000006c7600000)
 Metaspace       used 26265K, capacity 26982K, committed 27264K, reserved 1073152K
  class space    used 2961K, capacity 3115K, committed 3200K, reserved 1048576K
GC Heap History (10 events):
Event: 6.680 GC heap before
{Heap before GC invocations=4 (full 0):
 PSYoungGen      total 141824K, used 141824K [0x000000076ab00000, 0x000000077c000000, 0x00000007c0000000)
  eden space 131072K, 100% used [0x000000076ab00000,0x0000000772b00000,0x0000000772b00000)
  from space 10752K, 100% used [0x0000000772b00000,0x0000000773580000,0x0000000773580000)
  to   space 10752K, 0% used [0x000000077b580000,0x000000077b580000,0x000000077c000000)
 ParOldGen       total 175104K, used 6976K [0x00000006c0000000, 0x00000006cab00000, 0x000000076ab00000)
  object space 175104K, 3% used [0x00000006c0000000,0x00000006c06d0000,0x00000006cab00000)
 Metaspace       used 17843K, capacity 18334K, committed 18560K, reserved 1064960K
  class space    used 2033K, capacity 2158K, committed 2176K, reserved 1048576K
Event: 6.735 GC heap after
Heap after GC invocations=4 (full 0):
 PSYoungGen      total 272896K, used 10720K [0x000000076ab00000, 0x000000077c000000, 0x00000007c0000000)
  eden space 262144K, 0% used [0x000000076ab00000,0x000000076ab00000,0x000000077ab00000)
  from space 10752K, 99% used [0x000000077b580000,0x000000077bff8020,0x000000077c000000)
  to   space 10752K, 0% used [0x000000077ab00000,0x000000077ab00000,0x000000077b580000)
 ParOldGen       total 175104K, used 14139K [0x00000006c0000000, 0x00000006cab00000, 0x000000076ab00000)
  object space 175104K, 8% used [0x00000006c0000000,0x00000006c0dcee00,0x00000006cab00000)
 Metaspace       used 17843K, capacity 18334K, committed 18560K, reserved 1064960K
  class space    used 2033K, capacity 2158K, committed 2176K, reserved 1048576K
}
Event: 7.437 GC heap before
{Heap before GC invocations=5 (full 0):
 PSYoungGen      total 272896K, used 77966K [0x000000076ab00000, 0x000000077c000000, 0x00000007c0000000)
  eden space 262144K, 25% used [0x000000076ab00000,0x000000076ecab9a8,0x000000077ab00000)
  from space 10752K, 99% used [0x000000077b580000,0x000000077bff8020,0x000000077c000000)
  to   space 10752K, 0% used [0x000000077ab00000,0x000000077ab00000,0x000000077b580000)
 ParOldGen       total 175104K, used 14139K [0x00000006c0000000, 0x00000006cab00000, 0x000000076ab00000)
  object space 175104K, 8% used [0x00000006c0000000,0x00000006c0dcee00,0x00000006cab00000)
 Metaspace       used 20683K, capacity 21190K, committed 21248K, reserved 1069056K
  class space    used 2428K, capacity 2558K, committed 2560K, reserved 1048576K
Event: 7.477 GC heap after
Heap after GC invocations=5 (full 0):
 PSYoungGen      total 272896K, used 10720K [0x000000076ab00000, 0x000000078d300000, 0x00000007c0000000)
  eden space 262144K, 0% used [0x000000076ab00000,0x000000076ab00000,0x000000077ab00000)
  from space 10752K, 99% used [0x000000077ab00000,0x000000077b578020,0x000000077b580000)
  to   space 20480K, 0% used [0x000000078bf00000,0x000000078bf00000,0x000000078d300000)
 ParOldGen       total 175104K, used 16813K [0x00000006c0000000, 0x00000006cab00000, 0x000000076ab00000)
  object space 175104K, 9% used [0x00000006c0000000,0x00000006c106b580,0x00000006cab00000)
 Metaspace       used 20683K, capacity 21190K, committed 21248K, reserved 1069056K
  class space    used 2428K, capacity 2558K, committed 2560K, reserved 1048576K
}
Event: 7.477 GC heap before
{Heap before GC invocations=6 (full 1):
 PSYoungGen      total 272896K, used 10720K [0x000000076ab00000, 0x000000078d300000, 0x00000007c0000000)
  eden space 262144K, 0% used [0x000000076ab00000,0x000000076ab00000,0x000000077ab00000)
  from space 10752K, 99% used [0x000000077ab00000,0x000000077b578020,0x000000077b580000)
  to   space 20480K, 0% used [0x000000078bf00000,0x000000078bf00000,0x000000078d300000)
 ParOldGen       total 175104K, used 16813K [0x00000006c0000000, 0x00000006cab00000, 0x000000076ab00000)
  object space 175104K, 9% used [0x00000006c0000000,0x00000006c106b580,0x00000006cab00000)
 Metaspace       used 20683K, capacity 21190K, committed 21248K, reserved 1069056K
  class space    used 2428K, capacity 2558K, committed 2560K, reserved 1048576K
Event: 7.580 GC heap after
Heap after GC invocations=6 (full 1):
 PSYoungGen      total 272896K, used 0K [0x000000076ab00000, 0x000000078d300000, 0x00000007c0000000)
  eden space 262144K, 0% used [0x000000076ab00000,0x000000076ab00000,0x000000077ab00000)
  from space 10752K, 0% used [0x000000077ab00000,0x000000077ab00000,0x000000077b580000)
  to   space 20480K, 0% used [0x000000078bf00000,0x000000078bf00000,0x000000078d300000)
 ParOldGen       total 120832K, used 25443K [0x00000006c0000000, 0x00000006c7600000, 0x000000076ab00000)
  object space 120832K, 21% used [0x00000006c0000000,0x00000006c18d8e60,0x00000006c7600000)
 Metaspace       used 20683K, capacity 21190K, committed 21248K, reserved 1069056K
  class space    used 2428K, capacity 2558K, committed 2560K, reserved 1048576K
}
Event: 9.398 GC heap before
{Heap before GC invocations=7 (full 1):
 PSYoungGen      total 272896K, used 262144K [0x000000076ab00000, 0x000000078d300000, 0x00000007c0000000)
  eden space 262144K, 100% used [0x000000076ab00000,0x000000077ab00000,0x000000077ab00000)
  from space 10752K, 0% used [0x000000077ab00000,0x000000077ab00000,0x000000077b580000)
  to   space 20480K, 0% used [0x000000078bf00000,0x000000078bf00000,0x000000078d300000)
 ParOldGen       total 120832K, used 25443K [0x00000006c0000000, 0x00000006c7600000, 0x000000076ab00000)
  object space 120832K, 21% used [0x00000006c0000000,0x00000006c18d8e60,0x00000006c7600000)
 Metaspace       used 23293K, capacity 23846K, committed 24064K, reserved 1071104K
  class space    used 2649K, capacity 2782K, committed 2816K, reserved 1048576K
Event: 9.429 GC heap after
Heap after GC invocations=7 (full 1):
 PSYoungGen      total 455680K, used 20475K [0x000000076ab00000, 0x000000078d300000, 0x00000007c0000000)
  eden space 435200K, 0% used [0x000000076ab00000,0x000000076ab00000,0x0000000785400000)
  from space 20480K, 99% used [0x000000078bf00000,0x000000078d2fef08,0x000000078d300000)
  to   space 45568K, 0% used [0x0000000787a00000,0x0000000787a00000,0x000000078a680000)
 ParOldGen       total 120832K, used 64856K [0x00000006c0000000, 0x00000006c7600000, 0x000000076ab00000)
  object space 120832K, 53% used [0x00000006c0000000,0x00000006c3f56250,0x00000006c7600000)
 Metaspace       used 23293K, capacity 23846K, committed 24064K, reserved 1071104K
  class space    used 2649K, capacity 2782K, committed 2816K, reserved 1048576K
}
Event: 12.226 GC heap before
{Heap before GC invocations=8 (full 1):
 PSYoungGen      total 455680K, used 455675K [0x000000076ab00000, 0x000000078d300000, 0x00000007c0000000)
  eden space 435200K, 100% used [0x000000076ab00000,0x0000000785400000,0x0000000785400000)
  from space 20480K, 99% used [0x000000078bf00000,0x000000078d2fef08,0x000000078d300000)
  to   space 45568K, 0% used [0x0000000787a00000,0x0000000787a00000,0x000000078a680000)
 ParOldGen       total 120832K, used 64856K [0x00000006c0000000, 0x00000006c7600000, 0x000000076ab00000)
  object space 120832K, 53% used [0x00000006c0000000,0x00000006c3f56250,0x00000006c7600000)
 Metaspace       used 25963K, capacity 26694K, committed 27008K, reserved 1073152K
  class space    used 2915K, capacity 3083K, committed 3200K, reserved 1048576K
Event: 12.277 GC heap after
Heap after GC invocations=8 (full 1):
 PSYoungGen      total 519680K, used 45558K [0x000000076ab00000, 0x000000079dc80000, 0x00000007c0000000)
  eden space 474112K, 0% used [0x000000076ab00000,0x000000076ab00000,0x0000000787a00000)
  from space 45568K, 99% used [0x0000000787a00000,0x000000078a67db18,0x000000078a680000)
  to   space 61440K, 0% used [0x000000079a080000,0x000000079a080000,0x000000079dc80000)
 ParOldGen       total 120832K, used 79199K [0x00000006c0000000, 0x00000006c7600000, 0x000000076ab00000)
  object space 120832K, 65% used [0x00000006c0000000,0x00000006c4d57cd8,0x00000006c7600000)
 Metaspace       used 25963K, capacity 26694K, committed 27008K, reserved 1073152K
  class space    used 2915K, capacity 3083K, committed 3200K, reserved 1048576K
}

